________                _________               .__ __________        __   
\_____  \   ____   ____ \_   ___ \  ____   ____ |  |\______   \ _____/  |_ 
 /   |   \ /    \_/ __ \/    \  \/ /  _ \ /  _ \|  | |    |  _//  _ \   __\
/    |    \   |  \  ___/\     \___(  <_> |  <_> )  |_|    |   (  <_> )  |  
\_______  /___|  /\___  >\______  /\____/ \____/|____/______  /\____/|__|  
        \/     \/     \/        \/                          \/             

________                _________               .__ __________        __   
\_____  \   ____   ____ \_   ___ \  ____   ____ |  |\______   \ _____/  |_ 
 /   |   \ /    \_/ __ \/    \  \/ /  _ \ /  _ \|  | |    |  _//  _ \   __\
/    |    \   |  \  ___/\     \___(  <_> |  <_> )  |_|    |   (  <_> )  |  
\_______  /___|  /\___  >\______  /\____/ \____/|____/______  /\____/|__|  
        \/     \/     \/        \/                          \/             

________                _________               .__ __________        __   
\_____  \   ____   ____ \_   ___ \  ____   ____ |  |\______   \ _____/  |_ 
 /   |   \ /    \_/ __ \/    \  \/ /  _ \ /  _ \|  | |    |  _//  _ \   __\
/    |    \   |  \  ___/\     \___(  <_> |  <_> )  |_|    |   (  <_> )  |  
\_______  /___|  /\___  >\______  /\____/ \____/|____/______  /\____/|__|  
        \/     \/     \/        \/                          \/             

________                _________               .__ __________        __   
\_____  \   ____   ____ \_   ___ \  ____   ____ |  |\______   \ _____/  |_ 
 /   |   \ /    \_/ __ \/    \  \/ /  _ \ /  _ \|  | |    |  _//  _ \   __\
/    |    \   |  \  ___/\     \___(  <_> |  <_> )  |_|    |   (  <_> )  |  
\_______  /___|  /\___  >\______  /\____/ \____/|____/______  /\____/|__|  
        \/     \/     \/        \/                          \/             

________                _________               .__ __________        __   
\_____  \   ____   ____ \_   ___ \  ____   ____ |  |\______   \ _____/  |_ 
 /   |   \ /    \_/ __ \/    \  \/ /  _ \ /  _ \|  | |    |  _//  _ \   __\
/    |    \   |  \  ___/\     \___(  <_> |  <_> )  |_|    |   (  <_> )  |  
\_______  /___|  /\___  >\______  /\____/ \____/|____/______  /\____/|__|  
        \/     \/     \/        \/                          \/             

________                _________               .__ __________        __   
\_____  \   ____   ____ \_   ___ \  ____   ____ |  |\______   \ _____/  |_ 
 /   |   \ /    \_/ __ \/    \  \/ /  _ \ /  _ \|  | |    |  _//  _ \   __\
/    |    \   |  \  ___/\     \___(  <_> |  <_> )  |_|    |   (  <_> )  |  
\_______  /___|  /\___  >\______  /\____/ \____/|____/______  /\____/|__|  
        \/     \/     \/        \/                          \/             

[05:03:30] client connected to gateway
[05:03:32] client connected to shard: 0
[05:03:32] cog: AI loaded...
[05:03:32] cog: Economy loaded...
[05:03:32] cog: Events loaded...
[05:03:32] cog: Error loaded...
[05:03:32] cog: Level loaded...
________                _________               .__ __________        __   
\_____  \   ____   ____ \_   ___ \  ____   ____ |  |\______   \ _____/  |_ 
 /   |   \ /    \_/ __ \/    \  \/ /  _ \ /  _ \|  | |    |  _//  _ \   __\
/    |    \   |  \  ___/\     \___(  <_> |  <_> )  |_|    |   (  <_> )  |  
\_______  /___|  /\___  >\______  /\____/ \____/|____/______  /\____/|__|  
        \/     \/     \/        \/                          \/             

[05:08:54] client connected to gateway
[05:08:56] client connected to shard: 0
[05:08:56] cog: AI loaded...
[05:08:56] cog: Economy loaded...
[05:08:56] cog: Events loaded...
[05:08:56] cog: Error loaded...
[05:08:56] cog: Level loaded...
[05:09:04] command: info used by: ğ“£ğ“²ğ“¶ğ“¶ğ”‚#6955 in guild: DevelopingThings#791160100567384094
[05:09:07] added 11 xp to member: ğ“£ğ“²ğ“¶ğ“¶ğ”‚#6955 in guild: DevelopingThings#791160100567384094
[05:09:07] added 5 coins to member: ğ“£ğ“²ğ“¶ğ“¶ğ”‚#6955 in guild: DevelopingThings#791160100567384094
[05:09:46] slash command: rank used by: ğ“£ğ“²ğ“¶ğ“¶ğ”‚#6955 in guild: DevelopingThings#791160100567384094
[05:09:59] added 16 xp to member: ğ“£ğ“²ğ“¶ğ“¶ğ”‚#6955 in guild: DevelopingThings#791160100567384094
[05:09:59] added 4 coins to member: ğ“£ğ“²ğ“¶ğ“¶ğ”‚#6955 in guild: DevelopingThings#791160100567384094
